#
# There is insufficient memory for the Java Runtime Environment to continue.
# Native memory allocation (mmap) failed to map 264241152 bytes for G1 virtual space
# Possible reasons:
#   The system is out of physical RAM or swap space
#   The process is running with CompressedOops enabled, and the Java Heap may be blocking the growth of the native heap
# Possible solutions:
#   Reduce memory load on the system
#   Increase physical memory or swap space
#   Check if swap backing store is full
#   Decrease Java heap size (-Xmx/-Xms)
#   Decrease number of Java threads
#   Decrease Java thread stack sizes (-Xss)
#   Set larger code cache with -XX:ReservedCodeCacheSize=
#   JVM is running with Zero Based Compressed Oops mode in which the Java heap is
#     placed in the first 32GB address space. The Java Heap base address is the
#     maximum limit for the native heap growth. Please use -XX:HeapBaseMinAddress
#     to set the Java Heap base and to place the Java Heap above 32GB virtual address.
# This output file may be truncated or incomplete.
#
#  Out of Memory Error (os_windows.cpp:3559), pid=19640, tid=10500
#
# JRE version:  (17.0.7+7) (build )
# Java VM: OpenJDK 64-Bit Server VM (17.0.7+7, mixed mode, sharing, tiered, compressed oops, compressed class ptrs, g1 gc, windows-amd64)
# No core dump will be written. Minidumps are not enabled by default on client versions of Windows
#

---------------  S U M M A R Y ------------

Command Line: -Dnet.bytebuddy.agent.attacher.dump= net.bytebuddy.agent.Attacher com.sun.tools.attach.VirtualMachine 20164 C:\Users\yeon2\.m2\repository\net\bytebuddy\byte-buddy-agent\1.14.10\byte-buddy-agent-1.14.10.jar false 

Host: 12th Gen Intel(R) Core(TM) i7-1255U, 12 cores, 15G,  Windows 11 , 64 bit Build 22621 (10.0.22621.2506)
Time: Tue Nov 28 21:43:29 2023  Windows 11 , 64 bit Build 22621 (10.0.22621.2506) elapsed time: 0.022881 seconds (0d 0h 0m 0s)

---------------  T H R E A D  ---------------

Current thread (0x0000025227418760):  JavaThread "Unknown thread" [_thread_in_vm, id=10500, stack(0x0000007721400000,0x0000007721500000)]

Stack: [0x0000007721400000,0x0000007721500000]
Native frames: (J=compiled Java code, j=interpreted, Vv=VM code, C=native code)
V  [jvm.dll+0x67754a]
V  [jvm.dll+0x834304]
V  [jvm.dll+0x835aae]
V  [jvm.dll+0x836113]
V  [jvm.dll+0x24696f]
V  [jvm.dll+0x6743f9]
V  [jvm.dll+0x668c8a]
V  [jvm.dll+0x3061bb]
V  [jvm.dll+0x30d6a6]
V  [jvm.dll+0x35cece]
V  [jvm.dll+0x35d0ff]
V  [jvm.dll+0x2dd048]
V  [jvm.dll+0x2ddfb4]
V  [jvm.dll+0x8066d1]
V  [jvm.dll+0x36ac91]
V  [jvm.dll+0x7e5cec]
V  [jvm.dll+0x3ed56f]
V  [jvm.dll+0x3ef0a1]
C  [jli.dll+0x528b]
C  [ucrtbase.dll+0x29363]
C  [KERNEL32.DLL+0x1257d]
C  [ntdll.dll+0x5aa58]


---------------  P R O C E S S  ---------------

Threads class SMR info:
_java_thread_list=0x00007ffce7c47018, length=0, elements={
}

Java Threads: ( => current thread )

Other Threads:
  0x0000025227486d00 GCTaskThread "GC Thread#0" [stack: 0x0000007721500000,0x0000007721600000] [id=19996]
  0x0000025227497790 ConcurrentGCThread "G1 Main Marker" [stack: 0x0000007721600000,0x0000007721700000] [id=21116]
  0x00000252274981a0 ConcurrentGCThread "G1 Conc#0" [stack: 0x0000007721700000,0x0000007721800000] [id=12644]

[error occurred during error reporting (printing all threads), id 0xc0000005, EXCEPTION_ACCESS_VIOLATION (0xc0000005) at pc=0x00007ffce741daf7]

VM state: not at safepoint (not fully initialized)

VM Mutex/Monitor currently owned by a thread:  ([mutex/lock_event])
[0x0000025227413b40] Heap_lock - owner thread: 0x0000025227418760

Heap address: 0x0000000704a00000, size: 4022 MB, Compressed Oops mode: Zero based, Oop shift amount: 3

CDS archive(s) mapped at: [0x0000000000000000-0x0000000000000000-0x0000000000000000), size 0, SharedBaseAddress: 0x0000000800000000, ArchiveRelocationMode: 0.
Narrow klass base: 0x0000000000000000, Narrow klass shift: 0, Narrow klass range: 0x0

GC Precious Log:
<Empty>

Heap:
 garbage-first heap   total 0K, used 0K [0x0000000704a00000, 0x0000000800000000)
  region size 2048K, 0 young (0K), 0 survivors (0K)

[error occurred during error reporting (printing heap information), id 0xc0000005, EXCEPTION_ACCESS_VIOLATION (0xc0000005) at pc=0x00007ffce7800db9]

GC Heap History (0 events):
No events

Dll operation events (1 events):
Event: 0.017 Loaded shared library D:\eclipse_install\eclipse\plugins\org.eclipse.justj.openjdk.hotspot.jre.full.win32.x86_64_17.0.7.v20230425-1502\jre\bin\java.dll

Deoptimization events (0 events):
No events

Classes unloaded (0 events):
No events

Classes redefined (0 events):
No events

Internal exceptions (0 events):
No events

VM Operations (0 events):
No events

Events (0 events):
No events


Dynamic libraries:
0x00007ff696d10000 - 0x00007ff696d1e000 	D:\eclipse_install\eclipse\plugins\org.eclipse.justj.openjdk.hotspot.jre.full.win32.x86_64_17.0.7.v20230425-1502\jre\bin\java.exe
0x00007ffd58190000 - 0x00007ffd583a7000 	C:\windows\SYSTEM32\ntdll.dll
0x00007ffd570c0000 - 0x00007ffd57184000 	C:\windows\System32\KERNEL32.DLL
0x00007ffd55970000 - 0x00007ffd55d15000 	C:\windows\System32\KERNELBASE.dll
0x00007ffd55850000 - 0x00007ffd55961000 	C:\windows\System32\ucrtbase.dll
0x00007ffd26260000 - 0x00007ffd26279000 	D:\eclipse_install\eclipse\plugins\org.eclipse.justj.openjdk.hotspot.jre.full.win32.x86_64_17.0.7.v20230425-1502\jre\bin\VCRUNTIME140.dll
0x00007ffd26280000 - 0x00007ffd26297000 	D:\eclipse_install\eclipse\plugins\org.eclipse.justj.openjdk.hotspot.jre.full.win32.x86_64_17.0.7.v20230425-1502\jre\bin\jli.dll
0x00007ffd57d50000 - 0x00007ffd57efe000 	C:\windows\System32\USER32.dll
0x00007ffd555f0000 - 0x00007ffd55616000 	C:\windows\System32\win32u.dll
0x00007ffd55fe0000 - 0x00007ffd56009000 	C:\windows\System32\GDI32.dll
0x00007ffd55dc0000 - 0x00007ffd55ed9000 	C:\windows\System32\gdi32full.dll
0x00007ffd55d20000 - 0x00007ffd55dba000 	C:\windows\System32\msvcp_win.dll
0x00007ffd35b90000 - 0x00007ffd35e23000 	C:\windows\WinSxS\amd64_microsoft.windows.common-controls_6595b64144ccf1df_6.0.22621.2506_none_270c5ae97388e100\COMCTL32.dll
0x00007ffd58090000 - 0x00007ffd58137000 	C:\windows\System32\msvcrt.dll
0x00007ffd566a0000 - 0x00007ffd566d1000 	C:\windows\System32\IMM32.DLL
0x00007ffd34790000 - 0x00007ffd3479c000 	D:\eclipse_install\eclipse\plugins\org.eclipse.justj.openjdk.hotspot.jre.full.win32.x86_64_17.0.7.v20230425-1502\jre\bin\vcruntime140_1.dll
0x00007ffd205a0000 - 0x00007ffd20631000 	D:\eclipse_install\eclipse\plugins\org.eclipse.justj.openjdk.hotspot.jre.full.win32.x86_64_17.0.7.v20230425-1502\jre\bin\msvcp140.dll
0x00007ffce7130000 - 0x00007ffce7d78000 	D:\eclipse_install\eclipse\plugins\org.eclipse.justj.openjdk.hotspot.jre.full.win32.x86_64_17.0.7.v20230425-1502\jre\bin\server\jvm.dll
0x00007ffd57c30000 - 0x00007ffd57ce1000 	C:\windows\System32\ADVAPI32.dll
0x00007ffd57fe0000 - 0x00007ffd58086000 	C:\windows\System32\sechost.dll
0x00007ffd57190000 - 0x00007ffd572a7000 	C:\windows\System32\RPCRT4.dll
0x00007ffd4a490000 - 0x00007ffd4a4c4000 	C:\windows\SYSTEM32\WINMM.dll
0x00007ffd313f0000 - 0x00007ffd313f9000 	C:\windows\SYSTEM32\WSOCK32.dll
0x00007ffd42900000 - 0x00007ffd4290a000 	C:\windows\SYSTEM32\VERSION.dll
0x00007ffd57470000 - 0x00007ffd574e1000 	C:\windows\System32\WS2_32.dll
0x00007ffd544a0000 - 0x00007ffd544b8000 	C:\windows\SYSTEM32\kernel.appcore.dll
0x00007ffd4a2b0000 - 0x00007ffd4a2ba000 	D:\eclipse_install\eclipse\plugins\org.eclipse.justj.openjdk.hotspot.jre.full.win32.x86_64_17.0.7.v20230425-1502\jre\bin\jimage.dll
0x00007ffd52da0000 - 0x00007ffd52fd3000 	C:\windows\SYSTEM32\DBGHELP.DLL
0x00007ffd56020000 - 0x00007ffd563a9000 	C:\windows\System32\combase.dll
0x00007ffd576d0000 - 0x00007ffd577a7000 	C:\windows\System32\OLEAUT32.dll
0x00007ffd35eb0000 - 0x00007ffd35ee2000 	C:\windows\SYSTEM32\dbgcore.DLL
0x00007ffd55500000 - 0x00007ffd5557a000 	C:\windows\System32\bcryptPrimitives.dll
0x00007ffd35240000 - 0x00007ffd35265000 	D:\eclipse_install\eclipse\plugins\org.eclipse.justj.openjdk.hotspot.jre.full.win32.x86_64_17.0.7.v20230425-1502\jre\bin\java.dll

dbghelp: loaded successfully - version: 4.0.5 - missing functions: none
symbol engine: initialized successfully - sym options: 0x614 - pdb path: .;D:\eclipse_install\eclipse\plugins\org.eclipse.justj.openjdk.hotspot.jre.full.win32.x86_64_17.0.7.v20230425-1502\jre\bin;C:\windows\SYSTEM32;C:\windows\WinSxS\amd64_microsoft.windows.common-controls_6595b64144ccf1df_6.0.22621.2506_none_270c5ae97388e100;D:\eclipse_install\eclipse\plugins\org.eclipse.justj.openjdk.hotspot.jre.full.win32.x86_64_17.0.7.v20230425-1502\jre\bin\server

VM Arguments:
jvm_args: -Dnet.bytebuddy.agent.attacher.dump= 
java_command: net.bytebuddy.agent.Attacher com.sun.tools.attach.VirtualMachine 20164 C:\Users\yeon2\.m2\repository\net\bytebuddy\byte-buddy-agent\1.14.10\byte-buddy-agent-1.14.10.jar false 
java_class_path (initial): C:\Users\yeon2\.m2\repository\net\bytebuddy\byte-buddy-agent\1.14.10\byte-buddy-agent-1.14.10.jar
Launcher Type: SUN_STANDARD

[Global flags]
     intx CICompilerCount                          = 4                                         {product} {ergonomic}
     uint ConcGCThreads                            = 3                                         {product} {ergonomic}
     uint G1ConcRefinementThreads                  = 10                                        {product} {ergonomic}
   size_t G1HeapRegionSize                         = 2097152                                   {product} {ergonomic}
    uintx GCDrainStackTargetSize                   = 64                                        {product} {ergonomic}
   size_t InitialHeapSize                          = 264241152                                 {product} {ergonomic}
   size_t MarkStackSize                            = 4194304                                   {product} {ergonomic}
   size_t MaxHeapSize                              = 4217372672                                {product} {ergonomic}
   size_t MinHeapDeltaBytes                        = 2097152                                   {product} {ergonomic}
   size_t MinHeapSize                              = 8388608                                   {product} {ergonomic}
    uintx NonNMethodCodeHeapSize                   = 5839372                                {pd product} {ergonomic}
    uintx NonProfiledCodeHeapSize                  = 122909434                              {pd product} {ergonomic}
    uintx ProfiledCodeHeapSize                     = 122909434                              {pd product} {ergonomic}
    uintx ReservedCodeCacheSize                    = 251658240                              {pd product} {ergonomic}
     bool SegmentedCodeCache                       = true                                      {product} {ergonomic}
   size_t SoftMaxHeapSize                          = 4217372672                             {manageable} {ergonomic}
     bool UseCompressedClassPointers               = true                           {product lp64_product} {ergonomic}
     bool UseCompressedOops                        = true                           {product lp64_product} {ergonomic}
     bool UseG1GC                                  = true                                      {product} {ergonomic}
     bool UseLargePagesIndividualAllocation        = false                                  {pd product} {ergonomic}

Logging:
Log output configuration:
 #0: stdout all=warning uptime,level,tags
 #1: stderr all=off uptime,level,tags

Environment Variables:
JAVA_HOME=D:\JAVA\jdk-17
PATH=D:/eclipse_install/eclipse//plugins/org.eclipse.justj.openjdk.hotspot.jre.full.win32.x86_64_17.0.7.v20230425-1502/jre/bin/server;D:/eclipse_install/eclipse//plugins/org.eclipse.justj.openjdk.hotspot.jre.full.win32.x86_64_17.0.7.v20230425-1502/jre/bin;D:\JAVA\jdk-17\bin;C:\Program Files\Common Files\Oracle\Java\javapath;D:\Oracle21C\dbhomeXE\bin;C:\Program Files (x86)\Common Files\Oracle\Java\javapath;C:\windows\system32;C:\windows;C:\windows\System32\Wbem;C:\windows\System32\WindowsPowerShell\v1.0\;C:\windows\System32\OpenSSH\;D:\putty\;C:\Program Files\Git\cmd;D:\nodejs\;C:\Users\yeon2\AppData\Local\Microsoft\WindowsApps;;D:\IntelliJ IDEA 2023.2.2\IntelliJ IDEA 2023.2.2\bin;;C:\Users\yeon2\AppData\Roaming\npm;D:\Microsoft VS Code\bin;D:\eclipse_install\eclipse;
USERNAME=yeon2
OS=Windows_NT
PROCESSOR_IDENTIFIER=Intel64 Family 6 Model 154 Stepping 4, GenuineIntel
TMP=C:\Users\yeon2\AppData\Local\Temp
TEMP=C:\Users\yeon2\AppData\Local\Temp



---------------  S Y S T E M  ---------------

OS:
 Windows 11 , 64 bit Build 22621 (10.0.22621.2506)
OS uptime: 0 days 6:38 hours
Hyper-V role detected

CPU: total 12 (initial active 12) (6 cores per cpu, 2 threads per core) family 6 model 154 stepping 4 microcode 0x423, cx8, cmov, fxsr, ht, mmx, 3dnowpref, sse, sse2, sse3, ssse3, sse4.1, sse4.2, popcnt, lzcnt, tsc, tscinvbit, avx, avx2, aes, erms, clmul, bmi1, bmi2, adx, sha, fma, vzeroupper, clflush, clflushopt, clwb, hv

Memory: 4k page, system-wide physical 16086M (3708M free)
TotalPageFile size 18134M (AvailPageFile size 236M)
current process WorkingSet (physical memory assigned to process): 11M, peak: 11M
current process commit charge ("private bytes"): 64M, peak: 316M

vm_info: OpenJDK 64-Bit Server VM (17.0.7+7) for windows-amd64 JRE (17.0.7+7), built on Apr 18 2023 22:10:42 by "temurin" with MS VC++ 16.7 (VS2019)

END.
